directory/flutter_barcode_scanner/intermediates/manifest_merge_blame_file/debug/manifest-merger-blame-debug-report.txt
1<?xml version="1.0" encoding="utf-8"?>
2<manifest xmlns:android="http://schemas.android.com/apk/res/android"
3    package="com.amolg.flutterbarcodescanner" >
4
5    <uses-sdk
6        android:minSdkVersion="16"
6-->src\main\AndroidManifest.xml
7        android:targetSdkVersion="29" />
7-->src\main\AndroidManifest.xml
8
9    <uses-permission android:name="android.permission.CAMERA" />
9-->src\main\AndroidManifest.xml:4:5-65
9-->src\main\AndroidManifest.xml:4:22-62
10
11    <uses-feature android:name="android.hardware.camera" />
11-->src\main\AndroidManifest.xml:5:5-60
11-->src\main\AndroidManifest.xml:5:19-57
12
13    <uses-permission android:name="android.permission.FLASHLIGHT" />
13-->src\main\AndroidManifest.xml:6:5-69
13-->src\main\AndroidManifest.xml:6:22-66
14
15    <application
15-->src\main\AndroidManifest.xml:7:5-11:19
16        android:largeHeap="true"
16-->src\main\AndroidManifest.xml:8:9-33
17        android:theme="@style/Theme.AppCompat.NoActionBar" >
17-->src\main\AndroidManifest.xml:9:9-59
18        <activity android:name="com.amolg.flutterbarcodescanner.BarcodeCaptureActivity" />
18-->src\main\AndroidManifest.xml:10:9-91
18-->src\main\AndroidManifest.xml:10:19-88
19    </application>
20
21</manifest>